  OpenGl session2.cpp
C:\Github\Github\3D-Prog\OpenGl session 5\OpenGl session2\LSM.h(22,14): warning C4244: '=': conversion from 'T' to 'float', possible loss of data
C:\Github\Github\3D-Prog\OpenGl session 5\OpenGl session2\LSM.h(22,14): warning C4244:         with
C:\Github\Github\3D-Prog\OpenGl session 5\OpenGl session2\LSM.h(22,14): warning C4244:         [
C:\Github\Github\3D-Prog\OpenGl session 5\OpenGl session2\LSM.h(22,14): warning C4244:             T=glm::f64
C:\Github\Github\3D-Prog\OpenGl session 5\OpenGl session2\LSM.h(22,14): warning C4244:         ]
  (compiling source file 'OpenGl%20session2.cpp')
  
C:\Github\Github\3D-Prog\OpenGl session 5\OpenGl session2\LSM.h(23,14): warning C4244: '=': conversion from 'T' to 'float', possible loss of data
C:\Github\Github\3D-Prog\OpenGl session 5\OpenGl session2\LSM.h(23,14): warning C4244:         with
C:\Github\Github\3D-Prog\OpenGl session 5\OpenGl session2\LSM.h(23,14): warning C4244:         [
C:\Github\Github\3D-Prog\OpenGl session 5\OpenGl session2\LSM.h(23,14): warning C4244:             T=glm::f64
C:\Github\Github\3D-Prog\OpenGl session 5\OpenGl session2\LSM.h(23,14): warning C4244:         ]
  (compiling source file 'OpenGl%20session2.cpp')
  
C:\Github\Github\3D-Prog\OpenGl session 5\OpenGl session2\LSM.h(24,14): warning C4244: '=': conversion from 'T' to 'float', possible loss of data
C:\Github\Github\3D-Prog\OpenGl session 5\OpenGl session2\LSM.h(24,14): warning C4244:         with
C:\Github\Github\3D-Prog\OpenGl session 5\OpenGl session2\LSM.h(24,14): warning C4244:         [
C:\Github\Github\3D-Prog\OpenGl session 5\OpenGl session2\LSM.h(24,14): warning C4244:             T=glm::f64
C:\Github\Github\3D-Prog\OpenGl session 5\OpenGl session2\LSM.h(24,14): warning C4244:         ]
  (compiling source file 'OpenGl%20session2.cpp')
  
C:\Github\Github\3D-Prog\OpenGl session 5\OpenGl session2\OpenGl session2.cpp(225,53): warning C4267: 'argument': conversion from 'size_t' to 'GLsizei', possible loss of data
  OpenGl session2.vcxproj -> C:\Github\Github\3D-Prog\OpenGl session 5\x64\Debug\OpenGl session2.exe
